Build started 2.2.2017 г. 23:54:37.
     1>Project "D:\Code\Cpp\DataStructures_Homeworks\HuffmanCoding\HuffmanCoding\HuffmanCoding.vcxproj" on node 2 (Build target(s)).
     1>ClCompile:
         C:\PROGRAMS\Visual Studio 2013\VC\bin\CL.exe /c /ZI /nologo /W3 /WX- /sdl /Od /Oy- /D _MBCS /Gm /EHsc /RTC1 /MDd /GS /fp:precise /Zc:wchar_t /Zc:forScope /Fo"Debug\\" /Fd"Debug\vc120.pdb" /Gd /TP /analyze- /errorReport:prompt Commons.cpp FileManager.cpp GeneratedPair.cpp HuffmanTree.cpp InnerNode.cpp LeafNode.cpp MinHeap.cpp Node.cpp Source.cpp
         Source.cpp
         FileManager.cpp
     1>d:\code\cpp\datastructures_homeworks\huffmancoding\huffmancoding\filemanager.cpp(28): warning C4018: '<' : signed/unsigned mismatch
     1>d:\code\cpp\datastructures_homeworks\huffmancoding\huffmancoding\filemanager.cpp(30): warning C4018: '<' : signed/unsigned mismatch
     1>d:\code\cpp\datastructures_homeworks\huffmancoding\huffmancoding\filemanager.cpp(35): warning C4018: '<' : signed/unsigned mismatch
     1>d:\code\cpp\datastructures_homeworks\huffmancoding\huffmancoding\filemanager.cpp(63): warning C4018: '<' : signed/unsigned mismatch
     1>d:\code\cpp\datastructures_homeworks\huffmancoding\huffmancoding\filemanager.cpp(77): warning C4244: '=' : conversion from 'std::streamoff' to 'size_t', possible loss of data
     1>d:\code\cpp\datastructures_homeworks\huffmancoding\huffmancoding\filemanager.cpp(92): warning C4018: '<' : signed/unsigned mismatch
     1>d:\code\cpp\datastructures_homeworks\huffmancoding\huffmancoding\filemanager.cpp(118): warning C4018: '<' : signed/unsigned mismatch
     1>d:\code\cpp\datastructures_homeworks\huffmancoding\huffmancoding\filemanager.cpp(120): warning C4800: 'char' : forcing value to bool 'true' or 'false' (performance warning)
     1>d:\code\cpp\datastructures_homeworks\huffmancoding\huffmancoding\filemanager.cpp(143): warning C4018: '<' : signed/unsigned mismatch
         Generating Code...
         Compiling...
         Node.cpp
         MinHeap.cpp
     1>d:\code\cpp\datastructures_homeworks\huffmancoding\huffmancoding\minheap.cpp(7): warning C4018: '<' : signed/unsigned mismatch
         LeafNode.cpp
         InnerNode.cpp
         HuffmanTree.cpp
     1>d:\code\cpp\datastructures_homeworks\huffmancoding\huffmancoding\huffmantree.cpp(17): warning C4018: '<' : signed/unsigned mismatch
         GeneratedPair.cpp
     1>d:\code\cpp\datastructures_homeworks\huffmancoding\huffmancoding\generatedpair.cpp(14): warning C4018: '<' : signed/unsigned mismatch
         Commons.cpp
     1>d:\code\cpp\datastructures_homeworks\huffmancoding\huffmancoding\commons.cpp(22): warning C4018: '<' : signed/unsigned mismatch
         Generating Code...
       Link:
         C:\PROGRAMS\Visual Studio 2013\VC\bin\link.exe /ERRORREPORT:PROMPT /OUT:"D:\Code\Cpp\DataStructures_Homeworks\HuffmanCoding\Debug\HuffmanCoding.exe" /INCREMENTAL /NOLOGO kernel32.lib user32.lib gdi32.lib winspool.lib comdlg32.lib advapi32.lib shell32.lib ole32.lib oleaut32.lib uuid.lib odbc32.lib odbccp32.lib /MANIFEST /MANIFESTUAC:"level='asInvoker' uiAccess='false'" /manifest:embed /DEBUG /PDB:"D:\Code\Cpp\DataStructures_Homeworks\HuffmanCoding\Debug\HuffmanCoding.pdb" /TLBID:1 /DYNAMICBASE /NXCOMPAT /IMPLIB:"D:\Code\Cpp\DataStructures_Homeworks\HuffmanCoding\Debug\HuffmanCoding.lib" /MACHINE:X86 Debug\Commons.obj
         Debug\FileManager.obj
         Debug\GeneratedPair.obj
         Debug\HuffmanTree.obj
         Debug\LeafNode.obj
         Debug\MinHeap.obj
         Debug\Node.obj
         Debug\Source.obj
         Debug\InnerNode.obj
         HuffmanCoding.vcxproj -> D:\Code\Cpp\DataStructures_Homeworks\HuffmanCoding\Debug\HuffmanCoding.exe
     1>Done Building Project "D:\Code\Cpp\DataStructures_Homeworks\HuffmanCoding\HuffmanCoding\HuffmanCoding.vcxproj" (Build target(s)).

Build succeeded.

Time Elapsed 00:00:05.08
